[debug] [2019-08-26T08:02:35.295Z] ----------------------------------------------------------------------
[debug] [2019-08-26T08:02:35.298Z] Command:       C:\Program Files\nodejs\node.exe C:\Users\Ethan\AppData\Roaming\npm\node_modules\firebase-tools\lib\bin\firebase.js serve
[debug] [2019-08-26T08:02:35.299Z] CLI Version:   7.2.4
[debug] [2019-08-26T08:02:35.299Z] Platform:      win32
[debug] [2019-08-26T08:02:35.299Z] Node Version:  v8.11.4
[debug] [2019-08-26T08:02:35.301Z] Time:          Mon Aug 26 2019 16:02:35 GMT+0800 (W. Australia Standard Time)
[debug] [2019-08-26T08:02:35.301Z] ----------------------------------------------------------------------
[debug] 
[debug] [2019-08-26T08:02:35.310Z] > command requires scopes: ["email","openid","https://www.googleapis.com/auth/cloudplatformprojects.readonly","https://www.googleapis.com/auth/firebase","https://www.googleapis.com/auth/cloud-platform"]
[debug] [2019-08-26T08:02:35.311Z] > authorizing via signed-in user
[debug] [2019-08-26T08:02:35.311Z] [iam] checking project map-app-test-8d1f6 for permissions ["firebase.projects.get"]
[debug] [2019-08-26T08:02:35.313Z] >>> HTTP REQUEST POST https://cloudresourcemanager.googleapis.com/v1/projects/map-app-test-8d1f6:testIamPermissions  

[debug] [2019-08-26T08:02:36.945Z] <<< HTTP RESPONSE 200
[debug] [2019-08-26T08:02:36.947Z] >>> HTTP REQUEST GET https://firebase.googleapis.com/v1beta1/projects/map-app-test-8d1f6  
 
[debug] [2019-08-26T08:02:37.749Z] <<< HTTP RESPONSE 200
[info] 
[info] === Serving from 'E:\Uni\UWAHS-map-app\uwahs-campus-map'...
[info] 
[debug] [2019-08-26T08:02:37.752Z] >>> HTTP REQUEST GET https://firebase.googleapis.com/v1beta1/projects/map-app-test-8d1f6/webApps/-/config  
 
[debug] [2019-08-26T08:02:38.631Z] <<< HTTP RESPONSE 200
[info] i  hosting: Serving hosting files from: public
[info] +  hosting: Local server: http://localhost:5000
